MIF/HEX Update report for S4PU-16
Tue Nov 20 15:24:15 2018
Quartus II 64-Bit Version 13.0.1 Build 232 06/12/2013 Service Pack 1 SJ Web Edition


---------------------
; Table of Contents ;
---------------------
  1. Legal Notice
  2. MIF/HEX Update Summary
  3. MIF/HEX Update Processed Files
  4. MIF/HEX Update Messages



----------------
; Legal Notice ;
----------------
Copyright (C) 1991-2013 Altera Corporation
Your use of Altera Corporation's design tools, logic functions 
and other software and tools, and its AMPP partner logic 
functions, and any output files from any of the foregoing 
(including device programming or simulation files), and any 
associated documentation or information are expressly subject 
to the terms and conditions of the Altera Program License 
Subscription Agreement, Altera MegaCore Function License 
Agreement, or other applicable license agreement, including, 
without limitation, that your use is for the sole purpose of 
programming logic devices manufactured by Altera and sold by 
Altera or its authorized distributors.  Please refer to the 
applicable agreement for further details.



+---------------------------------------------------------------+
; MIF/HEX Update Summary                                        ;
+-----------------------+---------------------------------------+
; MIF/HEX Update Status ; Successful - Tue Nov 20 15:24:15 2018 ;
; Revision Name         ; S4PU-16                               ;
; Top-level Entity Name ; DE2                                   ;
; Family                ; Cyclone II                            ;
; Device                ; EP2C35F672C6                          ;
+-----------------------+---------------------------------------+


+------------------------------------------------------------+
; MIF/HEX Update Processed Files                             ;
+------------------------------------------------------------+
; File Name                                                  ;
+------------------------------------------------------------+
; /home/baioc/Applications/FPGA/S4PU/quartus/memory/prog.mif ;
+------------------------------------------------------------+


+-------------------------+
; MIF/HEX Update Messages ;
+-------------------------+
Info: *******************************************************************
Info: Running Quartus II 64-Bit MIF/HEX Update
    Info: Version 13.0.1 Build 232 06/12/2013 Service Pack 1 SJ Web Edition
    Info: Processing started: Tue Nov 20 15:24:13 2018
Info: Command: quartus_cdb S4PU-16 -c S4PU-16 --update_mif
Warning (39023): Can't find Memory Initialization File integration_nios2_cpu_ic_tag_ram.mif -- skipped updates for this file
Warning (39023): Can't find Memory Initialization File integration_nios2_cpu_rf_ram_a.mif -- skipped updates for this file
Warning (39023): Can't find Memory Initialization File integration_nios2_cpu_rf_ram_b.mif -- skipped updates for this file
Warning (39023): Can't find Memory Initialization File integration_nios2_cpu_ociram_default_contents.mif -- skipped updates for this file
Warning (39023): Can't find Memory Initialization File integration_onchip_mem_nios2.hex -- skipped updates for this file
Info (39024): Processed the following Memory Initialization File(s)
    Info (39025): Processed Memory Initialization File /home/baioc/Applications/FPGA/S4PU/quartus/memory/prog.mif
Info: Quartus II 64-Bit MIF/HEX Update was successful. 0 errors, 5 warnings
    Info: Peak virtual memory: 857 megabytes
    Info: Processing ended: Tue Nov 20 15:24:15 2018
    Info: Elapsed time: 00:00:02
    Info: Total CPU time (on all processors): 00:00:02


