Flow report for S4PU-16
Sat Oct 27 00:43:20 2018
Quartus II 64-Bit Version 13.0.1 Build 232 06/12/2013 Service Pack 1 SJ Web Edition


---------------------
; Table of Contents ;
---------------------
  1. Legal Notice
  2. Flow Summary
  3. Flow Settings
  4. Flow Non-Default Global Settings
  5. Flow Elapsed Time
  6. Flow OS Summary
  7. Flow Log
  8. Flow Messages
  9. Flow Suppressed Messages



----------------
; Legal Notice ;
----------------
Copyright (C) 1991-2013 Altera Corporation
Your use of Altera Corporation's design tools, logic functions 
and other software and tools, and its AMPP partner logic 
functions, and any output files from any of the foregoing 
(including device programming or simulation files), and any 
associated documentation or information are expressly subject 
to the terms and conditions of the Altera Program License 
Subscription Agreement, Altera MegaCore Function License 
Agreement, or other applicable license agreement, including, 
without limitation, that your use is for the sole purpose of 
programming logic devices manufactured by Altera and sold by 
Altera or its authorized distributors.  Please refer to the 
applicable agreement for further details.



+--------------------------------------------------------------------------------------+
; Flow Summary                                                                         ;
+------------------------------------+-------------------------------------------------+
; Flow Status                        ; Successful - Sat Oct 27 00:43:20 2018           ;
; Quartus II 64-Bit Version          ; 13.0.1 Build 232 06/12/2013 SP 1 SJ Web Edition ;
; Revision Name                      ; S4PU-16                                         ;
; Top-level Entity Name              ; FPGA                                            ;
; Family                             ; Cyclone II                                      ;
; Device                             ; EP2C35F672C6                                    ;
; Timing Models                      ; Final                                           ;
; Total logic elements               ; 864 / 33,216 ( 3 % )                            ;
;     Total combinational functions  ; 828 / 33,216 ( 2 % )                            ;
;     Dedicated logic registers      ; 258 / 33,216 ( < 1 % )                          ;
; Total registers                    ; 258                                             ;
; Total pins                         ; 36 / 475 ( 8 % )                                ;
; Total virtual pins                 ; 0                                               ;
; Total memory bits                  ; 335,872 / 483,840 ( 69 % )                      ;
; Embedded Multiplier 9-bit elements ; 0 / 70 ( 0 % )                                  ;
; Total PLLs                         ; 0 / 4 ( 0 % )                                   ;
+------------------------------------+-------------------------------------------------+


+-----------------------------------------+
; Flow Settings                           ;
+-------------------+---------------------+
; Option            ; Setting             ;
+-------------------+---------------------+
; Start date & time ; 10/27/2018 00:42:27 ;
; Main task         ; Compilation         ;
; Revision Name     ; S4PU-16             ;
+-------------------+---------------------+


+-------------------------------------------------------------------------------------------------------------------------------------------------------------------------+
; Flow Non-Default Global Settings                                                                                                                                        ;
+--------------------------------------+---------------------------------------------------------------+---------------+---------------------------------+----------------+
; Assignment Name                      ; Value                                                         ; Default Value ; Entity Name                     ; Section Id     ;
+--------------------------------------+---------------------------------------------------------------+---------------+---------------------------------+----------------+
; COMPILER_SIGNATURE_ID                ; 0.154061174711909                                             ; --            ; --                              ; --             ;
; EDA_NATIVELINK_SIMULATION_TEST_BENCH ; TB_Mux                                                        ; --            ; --                              ; eda_simulation ;
; EDA_OUTPUT_DATA_FORMAT               ; None                                                          ; --            ; --                              ; eda_simulation ;
; EDA_TEST_BENCH_ENABLE_STATUS         ; NOT_USED                                                      ; --            ; --                              ; eda_simulation ;
; IP_TOOL_ENV                          ; Qsys                                                          ; --            ; altera_avalon_sc_fifo           ; --             ;
; IP_TOOL_ENV                          ; Qsys                                                          ; --            ; altera_merlin_master_agent      ; --             ;
; IP_TOOL_ENV                          ; Qsys                                                          ; --            ; altera_merlin_master_translator ; --             ;
; IP_TOOL_ENV                          ; Qsys                                                          ; --            ; altera_merlin_slave_agent       ; --             ;
; IP_TOOL_ENV                          ; Qsys                                                          ; --            ; altera_merlin_slave_translator  ; --             ;
; IP_TOOL_ENV                          ; Qsys                                                          ; --            ; altera_merlin_width_adapter     ; --             ;
; IP_TOOL_ENV                          ; Qsys                                                          ; --            ; altera_reset_controller         ; --             ;
; IP_TOOL_ENV                          ; Qsys                                                          ; --            ; integration                     ; --             ;
; IP_TOOL_ENV                          ; Qsys                                                          ; --            ; integration_addr_router         ; --             ;
; IP_TOOL_ENV                          ; Qsys                                                          ; --            ; integration_cmd_xbar_demux      ; --             ;
; IP_TOOL_ENV                          ; Qsys                                                          ; --            ; integration_id_router           ; --             ;
; IP_TOOL_ENV                          ; Qsys                                                          ; --            ; integration_pio_led             ; --             ;
; IP_TOOL_ENV                          ; Qsys                                                          ; --            ; integration_pio_sw              ; --             ;
; IP_TOOL_ENV                          ; Qsys                                                          ; --            ; integration_rsp_xbar_demux      ; --             ;
; IP_TOOL_ENV                          ; Qsys                                                          ; --            ; integration_rsp_xbar_mux        ; --             ;
; IP_TOOL_NAME                         ; RAM: 1-PORT                                                   ; --            ; --                              ; --             ;
; IP_TOOL_NAME                         ; RAM: 1-PORT                                                   ; --            ; --                              ; --             ;
; IP_TOOL_NAME                         ; ROM: 1-PORT                                                   ; --            ; --                              ; --             ;
; IP_TOOL_NAME                         ; altera_avalon_sc_fifo                                         ; --            ; altera_avalon_sc_fifo           ; --             ;
; IP_TOOL_NAME                         ; altera_merlin_master_agent                                    ; --            ; altera_merlin_master_agent      ; --             ;
; IP_TOOL_NAME                         ; altera_merlin_master_translator                               ; --            ; altera_merlin_master_translator ; --             ;
; IP_TOOL_NAME                         ; altera_merlin_slave_agent                                     ; --            ; altera_merlin_slave_agent       ; --             ;
; IP_TOOL_NAME                         ; altera_merlin_slave_translator                                ; --            ; altera_merlin_slave_translator  ; --             ;
; IP_TOOL_NAME                         ; altera_merlin_width_adapter                                   ; --            ; altera_merlin_width_adapter     ; --             ;
; IP_TOOL_NAME                         ; altera_reset_controller                                       ; --            ; altera_reset_controller         ; --             ;
; IP_TOOL_NAME                         ; Qsys                                                          ; --            ; integration                     ; --             ;
; IP_TOOL_NAME                         ; altera_merlin_router                                          ; --            ; integration_addr_router         ; --             ;
; IP_TOOL_NAME                         ; altera_merlin_demultiplexer                                   ; --            ; integration_cmd_xbar_demux      ; --             ;
; IP_TOOL_NAME                         ; altera_merlin_router                                          ; --            ; integration_id_router           ; --             ;
; IP_TOOL_NAME                         ; altera_avalon_pio                                             ; --            ; integration_pio_led             ; --             ;
; IP_TOOL_NAME                         ; altera_avalon_pio                                             ; --            ; integration_pio_sw              ; --             ;
; IP_TOOL_NAME                         ; altera_merlin_demultiplexer                                   ; --            ; integration_rsp_xbar_demux      ; --             ;
; IP_TOOL_NAME                         ; altera_merlin_multiplexer                                     ; --            ; integration_rsp_xbar_mux        ; --             ;
; IP_TOOL_VERSION                      ; 13.0                                                          ; --            ; --                              ; --             ;
; IP_TOOL_VERSION                      ; 13.0                                                          ; --            ; --                              ; --             ;
; IP_TOOL_VERSION                      ; 13.0                                                          ; --            ; --                              ; --             ;
; IP_TOOL_VERSION                      ; 13.0                                                          ; --            ; altera_avalon_sc_fifo           ; --             ;
; IP_TOOL_VERSION                      ; 13.0                                                          ; --            ; altera_merlin_master_agent      ; --             ;
; IP_TOOL_VERSION                      ; 13.0                                                          ; --            ; altera_merlin_master_translator ; --             ;
; IP_TOOL_VERSION                      ; 13.0                                                          ; --            ; altera_merlin_slave_agent       ; --             ;
; IP_TOOL_VERSION                      ; 13.0                                                          ; --            ; altera_merlin_slave_translator  ; --             ;
; IP_TOOL_VERSION                      ; 13.0                                                          ; --            ; altera_merlin_width_adapter     ; --             ;
; IP_TOOL_VERSION                      ; 13.0                                                          ; --            ; altera_reset_controller         ; --             ;
; IP_TOOL_VERSION                      ; 13.0sp1                                                       ; --            ; integration                     ; --             ;
; IP_TOOL_VERSION                      ; 13.0                                                          ; --            ; integration_addr_router         ; --             ;
; IP_TOOL_VERSION                      ; 13.0                                                          ; --            ; integration_cmd_xbar_demux      ; --             ;
; IP_TOOL_VERSION                      ; 13.0                                                          ; --            ; integration_id_router           ; --             ;
; IP_TOOL_VERSION                      ; 13.0.1.99.2                                                   ; --            ; integration_pio_led             ; --             ;
; IP_TOOL_VERSION                      ; 13.0.1.99.2                                                   ; --            ; integration_pio_sw              ; --             ;
; IP_TOOL_VERSION                      ; 13.0                                                          ; --            ; integration_rsp_xbar_demux      ; --             ;
; IP_TOOL_VERSION                      ; 13.0                                                          ; --            ; integration_rsp_xbar_mux        ; --             ;
; MAX_CORE_JUNCTION_TEMP               ; 85                                                            ; --            ; --                              ; --             ;
; MIN_CORE_JUNCTION_TEMP               ; 0                                                             ; --            ; --                              ; --             ;
; MISC_FILE                            ; magic/onchip_ram/onchip_ram_inst.vhd                          ; --            ; --                              ; --             ;
; MISC_FILE                            ; magic/onchip_ram/onchip_ram.inc                               ; --            ; --                              ; --             ;
; MISC_FILE                            ; magic/onchip_ram/onchip_ram.cmp                               ; --            ; --                              ; --             ;
; MISC_FILE                            ; magic/onchip_ram/onchip_ram_syn.v                             ; --            ; --                              ; --             ;
; MISC_FILE                            ; magic/main_ram/main_ram.bsf                                   ; --            ; --                              ; --             ;
; MISC_FILE                            ; magic/main_ram/main_ram.cmp                                   ; --            ; --                              ; --             ;
; MISC_FILE                            ; magic/main_ram/main_ram_syn.v                                 ; --            ; --                              ; --             ;
; MISC_FILE                            ; magic/prog_rom/prog_rom.bsf                                   ; --            ; --                              ; --             ;
; MISC_FILE                            ; magic/prog_rom/prog_rom.cmp                                   ; --            ; --                              ; --             ;
; MISC_FILE                            ; magic/prog_rom/prog_rom_syn.v                                 ; --            ; --                              ; --             ;
; MISC_FILE                            ; qsys/synthesis/../../integration.cmp                          ; --            ; --                              ; --             ;
; MISC_FILE                            ; qsys/synthesis/../../integration.qsys                         ; --            ; --                              ; --             ;
; PARTITION_COLOR                      ; 16764057                                                      ; --            ; FPGA                            ; Top            ;
; PARTITION_FITTER_PRESERVATION_LEVEL  ; PLACEMENT_AND_ROUTING                                         ; --            ; FPGA                            ; Top            ;
; PARTITION_NETLIST_TYPE               ; SOURCE                                                        ; --            ; FPGA                            ; Top            ;
; POWER_BOARD_THERMAL_MODEL            ; None (CONSERVATIVE)                                           ; --            ; --                              ; --             ;
; POWER_PRESET_COOLING_SOLUTION        ; 23 MM HEAT SINK WITH 200 LFPM AIRFLOW                         ; --            ; --                              ; --             ;
; PROJECT_OUTPUT_DIRECTORY             ; output_files                                                  ; --            ; --                              ; --             ;
; SLD_INFO                             ; QSYS_NAME integration HAS_SOPCINFO 1 GENERATION_ID 1540611474 ; --            ; integration                     ; --             ;
; SOPCINFO_FILE                        ; qsys/synthesis/../../integration.sopcinfo                     ; --            ; --                              ; --             ;
; SYNTHESIS_ONLY_QIP                   ; On                                                            ; --            ; --                              ; --             ;
; TOP_LEVEL_ENTITY                     ; FPGA                                                          ; S4PU-16       ; --                              ; --             ;
+--------------------------------------+---------------------------------------------------------------+---------------+---------------------------------+----------------+


+-------------------------------------------------------------------------------------------------------------------------------+
; Flow Elapsed Time                                                                                                             ;
+---------------------------+--------------+-------------------------+---------------------+------------------------------------+
; Module Name               ; Elapsed Time ; Average Processors Used ; Peak Virtual Memory ; Total CPU Time (on all processors) ;
+---------------------------+--------------+-------------------------+---------------------+------------------------------------+
; Analysis & Synthesis      ; 00:00:08     ; 1.0                     ; 657 MB              ; 00:00:07                           ;
; Fitter                    ; 00:00:15     ; 1.0                     ; 722 MB              ; 00:00:13                           ;
; Assembler                 ; 00:00:03     ; 1.0                     ; 542 MB              ; 00:00:02                           ;
; TimeQuest Timing Analyzer ; 00:00:02     ; 1.0                     ; 504 MB              ; 00:00:02                           ;
; MIF/HEX Update            ; 00:00:01     ; 1.0                     ; 843 MB              ; 00:00:01                           ;
; Total                     ; 00:00:29     ; --                      ; --                  ; 00:00:25                           ;
+---------------------------+--------------+-------------------------+---------------------+------------------------------------+


+-----------------------------------------------------------------------------------------------+
; Flow OS Summary                                                                               ;
+---------------------------+------------------+---------------+---------------+----------------+
; Module Name               ; Machine Hostname ; OS Name       ; OS Version    ; Processor type ;
+---------------------------+------------------+---------------+---------------+----------------+
; Analysis & Synthesis      ; inzpiron         ; Manjaro Linux ; Manjaro Linux ; x86_64         ;
; Fitter                    ; inzpiron         ; Manjaro Linux ; Manjaro Linux ; x86_64         ;
; Assembler                 ; inzpiron         ; Manjaro Linux ; Manjaro Linux ; x86_64         ;
; TimeQuest Timing Analyzer ; inzpiron         ; Manjaro Linux ; Manjaro Linux ; x86_64         ;
; MIF/HEX Update            ; inzpiron         ; Manjaro Linux ; Manjaro Linux ; x86_64         ;
+---------------------------+------------------+---------------+---------------+----------------+


------------
; Flow Log ;
------------
quartus_map --read_settings_files=on --write_settings_files=off S4PU-16 -c S4PU-16
quartus_fit --read_settings_files=off --write_settings_files=off S4PU-16 -c S4PU-16
quartus_asm --read_settings_files=off --write_settings_files=off S4PU-16 -c S4PU-16
quartus_sta S4PU-16 -c S4PU-16
quartus_cdb S4PU-16 -c S4PU-16 --update_mif



